Arguments: 
  /usr/local/bin/node /usr/local/bin/yarn install

PATH: 
  /Users/jatindandyan/Development/google-cloud-sdk/bin:/opt/homebrew/bin:/Users/jatindandyan/Library/Android/sdk/platform-tools:/Users/jatindandyan/Development/flutter/bin:/opt/local/bin:/opt/local/sbin:/Library/Frameworks/Python.framework/Versions/3.9/bin:/usr/local/bin:/usr/bin:/bin:/usr/sbin:/sbin:/Library/Apple/usr/bin:/Users/jatindandyan/.zsh/misc:/Users/jatindandyan/Development/google-cloud-sdk/bin:/opt/homebrew/bin:/Users/jatindandyan/Library/Android/sdk/platform-tools:/Users/jatindandyan/Development/flutter/bin:/opt/local/bin:/opt/local/sbin:/Library/Frameworks/Python.framework/Versions/3.9/bin

Yarn version: 
  1.22.17

Node version: 
  16.13.1

Platform: 
  darwin arm64

Trace: 
  Error: getaddrinfo ENOTFOUND registry.yarnpkg.com
      at GetAddrInfoReqWrap.onlookup [as oncomplete] (node:dns:71:26)

npm manifest: 
  {
    "name": "crypto-wallet",
    "version": "1.0.0",
    "main": "node_modules/expo/AppEntry.js",
    "scripts": {
      "start": "expo start",
      "android": "expo start --android",
      "ios": "expo start --ios",
      "web": "expo start --web",
      "eject": "expo eject"
    },
    "dependencies": {
      "@ethersproject/shims": "^5.6.0",
      "@react-native-async-storage/async-storage": "^1.17.6",
      "@react-navigation/native": "^6.0.10",
      "@react-navigation/native-stack": "^6.6.2",
      "@reduxjs/toolkit": "^1.8.2",
      "@types/react": "~17.0.21",
      "@types/react-native-vector-icons": "^6.4.10",
      "ethers": "^5.6.8",
      "expo": "~45.0.0",
      "expo-clipboard": "^3.0.1",
      "expo-linear-gradient": "^11.3.0",
      "expo-status-bar": "~1.3.0",
      "react": "17.0.2",
      "react-dom": "17.0.2",
      "react-native": "0.68.2",
      "react-native-dialog": "^9.2.2",
      "react-native-drawer": "^2.5.1",
      "react-native-get-random-values": "^1.8.0",
      "react-native-jazzicon": "^0.1.2",
      "react-native-linear-gradient": "^2.5.6",
      "react-native-safe-area-context": "4.2.4",
      "react-native-screens": "~3.11.1",
      "react-native-svg": "^12.3.0",
      "react-native-vector-icons": "^9.1.0",
      "react-native-web": "0.17.7",
      "react-redux": "^8.0.2",
      "tailwind-react-native-classnames": "^1.5.1"
    },
    "devDependencies": {
      "@babel/core": "^7.12.9",
      "@types/react-native": "~0.66.13",
      "@types/react-native-drawer": "^2.5.5",
      "typescript": "~4.3.5"
    },
    "resolutions": {
      "@types/react": "~17.0.21"
    },
    "private": true
  }

yarn manifest: 
  No manifest

Lockfile: 
  No lockfile
